client/src/components/ui/event-card.tsx:68:33 - error TS2339: Property 'image' does not exist on type '{ name: string; avatar?: string | undefined; } | { id: number; name: string; image: string; }'.
  Property 'image' does not exist on type '{ name: string; avatar?: string | undefined; }'.

68                   src={attendee.image || attendee.avatar}
                                   ~~~~~

client/src/components/ui/event-card.tsx:68:51 - error TS2339: Property 'avatar' does not exist on type '{ name: string; avatar?: string | undefined; } | { id: number; name: string; image: string; }'.
  Property 'avatar' does not exist on type '{ id: number; name: string; image: string; }'.

68                   src={attendee.image || attendee.avatar}
                                                     ~~~~~~

client/src/components/ui/share-dialog.tsx:136:12 - error TS2774: This condition will always return true since this function is always defined. Did you mean to call it instead?

136           {navigator.share && (
               ~~~~~~~~~~~~~~~

client/src/lib/figma-integration.ts:1:10 - error TS2305: Module '"figma-api"' has no exported member 'Figma'.

1 import { Figma } from 'figma-api';
           ~~~~~

client/src/lib/figma-integration.ts:2:15 - error TS2724: '"@figma/rest-api-spec"' has no exported member named 'FileNodesResponse'. Did you mean 'GetFileNodesResponse'?

2 import type { FileNodesResponse, Node } from '@figma/rest-api-spec';
                ~~~~~~~~~~~~~~~~~

client/src/lib/figma-integration.ts:43:13 - error TS18046: 'style' is of type 'unknown'.

43         if (style.styleType === 'FILL') {
               ~~~~~

client/src/lib/figma-integration.ts:46:33 - error TS18046: 'style' is of type 'unknown'.

46             designSystem.colors[style.name] = colorValue;
                                   ~~~~~

client/src/lib/figma-integration.ts:54:18 - error TS2339: Property 'style' does not exist on type 'Node'.
  Property 'style' does not exist on type 'BooleanOperationNode'.

54         if (node.style) {
                    ~~~~~

client/src/lib/figma-integration.ts:55:36 - error TS2339: Property 'style' does not exist on type 'Node'.
  Property 'style' does not exist on type 'BooleanOperationNode'.

55           const styleKey = `${node.style.fontFamily}-${node.style.fontSize}`;
                                      ~~~~~

client/src/lib/figma-integration.ts:55:61 - error TS2339: Property 'style' does not exist on type 'Node'.
  Property 'style' does not exist on type 'BooleanOperationNode'.

55           const styleKey = `${node.style.fontFamily}-${node.style.fontSize}`;
                                                               ~~~~~

client/src/lib/figma-integration.ts:57:30 - error TS2339: Property 'style' does not exist on type 'Node'.
  Property 'style' does not exist on type 'BooleanOperationNode'.

57             fontFamily: node.style.fontFamily,
                                ~~~~~

client/src/lib/figma-integration.ts:58:28 - error TS2339: Property 'style' does not exist on type 'Node'.
  Property 'style' does not exist on type 'BooleanOperationNode'.

58             fontSize: node.style.fontSize,
                              ~~~~~

client/src/lib/figma-integration.ts:59:30 - error TS2339: Property 'style' does not exist on type 'Node'.
  Property 'style' does not exist on type 'BooleanOperationNode'.

59             fontWeight: node.style.fontWeight,
                                ~~~~~

client/src/lib/figma-integration.ts:60:30 - error TS2339: Property 'style' does not exist on type 'Node'.
  Property 'style' does not exist on type 'BooleanOperationNode'.

60             lineHeight: node.style.lineHeight,
                                ~~~~~

client/src/lib/figma-integration.ts:61:33 - error TS2339: Property 'style' does not exist on type 'Node'.
  Property 'style' does not exist on type 'BooleanOperationNode'.

61             letterSpacing: node.style.letterSpacing
                                   ~~~~~

client/src/lib/figma-integration.ts:89:9 - error TS2322: Type 'ColorPalette' is not assignable to type 'string'.

89         light: lightPalette,
           ~~~~~

client/src/lib/figma-integration.ts:90:9 - error TS2322: Type 'ColorPalette' is not assignable to type 'string'.

90         dark: darkPalette
           ~~~~

client/src/lib/figma-integration.ts:178:39 - error TS2339: Property 'primary' does not exist on type 'string'.

178     primary: themeConfig.colors.light.primary,
                                          ~~~~~~~

client/src/pages/BrowseUsersPage.tsx:340:17 - error TS2322: Type '{ initial: { opacity: number; }; animate: { opacity: number; transition: { duration: number; repeat: number; repeatType: string; }; }; }' is not assignable to type 'Variants'.
  Property 'animate' is incompatible with index signature.
    Type '{ opacity: number; transition: { duration: number; repeat: number; repeatType: string; }; }' is not assignable to type 'Variant'.
      Type '{ opacity: number; transition: { duration: number; repeat: number; repeatType: string; }; }' is not assignable to type 'TargetAndTransition'.
        Type '{ opacity: number; transition: { duration: number; repeat: number; repeatType: string; }; }' is not assignable to type '{ transition?: Transition$1 | undefined; transitionEnd?: MakeCustomValueType<TargetProperties> | undefined; }'.
          Types of property 'transition' are incompatible.
            Type '{ duration: number; repeat: number; repeatType: string; }' is not assignable to type 'Transition$1 | undefined'.
              Type '{ duration: number; repeat: number; repeatType: string; }' is not assignable to type 'Orchestration & Repeat & PermissiveTransitionDefinition & { [key: string]: TransitionDefinition; }'.
                Type '{ duration: number; repeat: number; repeatType: string; }' is not assignable to type 'Repeat'.
                  Types of property 'repeatType' are incompatible.
                    Type 'string' is not assignable to type '"reverse" | "loop" | "mirror" | undefined'.

340                 variants={loadingPulse}
                    ~~~~~~~~

  node_modules/framer-motion/dist/index.d.ts:3083:5
    3083     variants?: Variants;
             ~~~~~~~~
    The expected type comes from property 'variants' which is declared here on type 'IntrinsicAttributes & HTMLAttributesWithoutMotionProps<HTMLAttributes<HTMLDivElement>, HTMLDivElement> & MotionProps & RefAttributes<...>'

client/src/pages/ChatPage.tsx:63:34 - error TS2538: Type 'undefined' cannot be used as an index type.

63   const otherUser = mockProfiles[id];
                                    ~~

client/src/pages/ChatbotPage.tsx:142:46 - error TS2322: Type '{ children: Element; className: string; orientation: string; }' is not assignable to type 'IntrinsicAttributes & Omit<ScrollAreaProps & RefAttributes<HTMLDivElement>, "ref"> & RefAttributes<...>'.
  Property 'orientation' does not exist on type 'IntrinsicAttributes & Omit<ScrollAreaProps & RefAttributes<HTMLDivElement>, "ref"> & RefAttributes<...>'.

142               <ScrollArea className="w-full" orientation="horizontal">
                                                 ~~~~~~~~~~~

client/src/pages/ConnectPage.tsx:72:63 - error TS2345: Argument of type 'string' is not assignable to parameter of type '"Adventure" | "Networking" | "Parties" | "Dating" | "Dining Out"'.

72       selectedMoods.some(mood => member.currentMoods.includes(mood));
                                                                 ~~~~

client/src/pages/CreateEventPage.tsx:103:59 - error TS2345: Argument of type '(data: Event) => Promise<void>' is not assignable to parameter of type 'SubmitHandler<{ title: string; description: string; location: string; date: string; startTime: string; endTime: string; price: number; isPrivate: boolean; }>'.
  Types of parameters 'data' and 'data' are incompatible.
    Type '{ title: string; description: string; location: string; date: string; startTime: string; endTime: string; price: number; isPrivate: boolean; }' is missing the following properties from type '{ date: Date; id: number; location: string; createdAt: Date | null; title: string; description: string; image: string | null; image_url: string | null; category: string; creatorId: number | null; ... 8 more ...; interestedCount: number | null; }': id, createdAt, image, image_url, and 9 more.

103         <form id="event-form" onSubmit={form.handleSubmit(onSubmit)}>
                                                              ~~~~~~~~

client/src/pages/CreateEventPage.tsx:219:57 - error TS2345: Argument of type 'undefined' is not assignable to parameter of type 'number'.

219                   onClick={() => form.setValue("price", undefined)}
                                                            ~~~~~~~~~

client/src/pages/EditProfilePage.tsx:79:32 - error TS2551: Property 'currentMood' does not exist on type 'Member'. Did you mean 'currentMoods'?

79       currentMood: currentUser.currentMood,
                                  ~~~~~~~~~~~

  client/src/lib/members-data.ts:12:3
    12   currentMoods: ("Dating" | "Networking" | "Parties" | "Adventure" | "Dining Out")[];
         ~~~~~~~~~~~~
    'currentMoods' is declared here.

client/src/pages/TranslatorPage.tsx:9:11 - error TS2339: Property 'setLanguage' does not exist on type '{ t: (key: TranslationKey) => string; }'.

9   const { setLanguage } = useTranslation();
            ~~~~~~~~~~~

server/app.ts:65:23 - error TS2345: Argument of type 'Application' is not assignable to parameter of type 'Express'.
  Type 'Application<Record<string, any>>' is missing the following properties from type 'Express': request, response

65       await setupVite(routedApp, httpServer);
                         ~~~~~~~~~

server/app.ts:67:19 - error TS2345: Argument of type 'Application' is not assignable to parameter of type 'Express'.
  Type 'Application<Record<string, any>>' is missing the following properties from type 'Express': request, response

67       serveStatic(routedApp);
                     ~~~~~~~~~

server/auth.ts:26:15 - error TS2310: Type 'User' recursively references itself as a base type.

26     interface User extends User {}
                 ~~~~

server/auth.ts:106:43 - error TS2339: Property 'id' does not exist on type 'User'.

106     console.log("Serializing user:", user.id);
                                              ~~

server/auth.ts:107:21 - error TS2339: Property 'id' does not exist on type 'User'.

107     done(null, user.id);
                        ~~

server/auth.ts:223:32 - error TS2339: Property 'username' does not exist on type 'User'.

223     const username = req.user?.username;
                                   ~~~~~~~~

server/auth.ts:238:55 - error TS2339: Property 'username' does not exist on type 'User'.

238       console.log("Authenticated user request:", user.username);
                                                          ~~~~~~~~

server/chat.ts:97:8 - error TS7053: Element implicitly has an 'any' type because expression of type 'string' can't be used to index type '{ restaurants: string[]; workspaces: string[]; neighborhoods: string[]; attractions: string[]; daytrips: string[]; general: string[]; }'.
  No index signature with a parameter of type 'string' was found on type '{ restaurants: string[]; workspaces: string[]; neighborhoods: string[]; attractions: string[]; daytrips: string[]; general: string[]; }'.

97       (DEFAULT_RESPONSES[category] || DEFAULT_RESPONSES.general);
          ~~~~~~~~~~~~~~~~~~~~~~~~~~~

server/routes.ts:808:13 - error TS2345: Argument of type 'Application' is not assignable to parameter of type 'Express'.
  Type 'Application<Record<string, any>>' is missing the following properties from type 'Express': request, response

808   setupAuth(app);
                ~~~

server/routes.ts:823:11 - error TS7053: Element implicitly has an 'any' type because expression of type 'string' can't be used to index type '{ "Mexico City": ({ id: number; username: string; fullName: string; age: number; gender: string; profession: string; location: string; bio: string; interests: string[]; currentMoods: string[]; profileImage: string; createdAt: string; updatedAt: string; eventsHosting: number[]; featuredEvent: { ...; }; } | { ...; })[...'.
  No index signature with a parameter of type 'string' was found on type '{ "Mexico City": ({ id: number; username: string; fullName: string; age: number; gender: string; profession: string; location: string; bio: string; interests: string[]; currentMoods: string[]; profileImage: string; createdAt: string; updatedAt: string; eventsHosting: number[]; featuredEvent: { ...; }; } | { ...; })[...'.

823         ? MOCK_USERS[city] || []
              ~~~~~~~~~~~~~~~~

server/routes.ts:827:46 - error TS7006: Parameter 'user' implicitly has an 'any' type.

827         filteredUsers = filteredUsers.filter(user => user.gender === gender);
                                                 ~~~~

server/routes.ts:831:46 - error TS7006: Parameter 'user' implicitly has an 'any' type.

831         filteredUsers = filteredUsers.filter(user => user.age !== undefined && user.age >= minAge);
                                                 ~~~~

server/routes.ts:835:46 - error TS7006: Parameter 'user' implicitly has an 'any' type.

835         filteredUsers = filteredUsers.filter(user => user.age !== undefined && user.age <= maxAge);
                                                 ~~~~

server/routes.ts:840:46 - error TS7006: Parameter 'user' implicitly has an 'any' type.

840         filteredUsers = filteredUsers.filter(user =>
                                                 ~~~~

server/routes.ts:847:46 - error TS7006: Parameter 'user' implicitly has an 'any' type.

847         filteredUsers = filteredUsers.filter(user =>
                                                 ~~~~

server/routes.ts:854:46 - error TS7006: Parameter 'user' implicitly has an 'any' type.

854         filteredUsers = filteredUsers.filter(user =>
                                                 ~~~~

server/routes.ts:860:27 - error TS7006: Parameter 'a' implicitly has an 'any' type.

860       filteredUsers.sort((a, b) => {
                              ~

server/routes.ts:860:30 - error TS7006: Parameter 'b' implicitly has an 'any' type.

860       filteredUsers.sort((a, b) => {
                                 ~

server/routes.ts:866:54 - error TS7006: Parameter 'u' implicitly has an 'any' type.

866       console.log("Sorted users:", filteredUsers.map(u => ({
                                                         ~

server/services/messagingService.ts:34:11 - error TS2353: Object literal may only specify known properties, and 'status' does not exist in type '{ id?: boolean | undefined; username?: boolean | undefined; password?: boolean | undefined; fullName?: boolean | undefined; profileType?: boolean | undefined; gender?: boolean | undefined; ... 13 more ...; createdAt?: boolean | undefined; }'.

34           status: true
             ~~~~~~

server/services/messagingService.ts:42:11 - error TS2353: Object literal may only specify known properties, and 'status' does not exist in type '{ id?: boolean | undefined; username?: boolean | undefined; password?: boolean | undefined; fullName?: boolean | undefined; profileType?: boolean | undefined; gender?: boolean | undefined; ... 13 more ...; createdAt?: boolean | undefined; }'.

42           status: true
             ~~~~~~

server/services/messagingService.ts:57:23 - error TS2551: Property 'receiver' does not exist on type '{ id: number; createdAt: Date | null; senderId: number | null; receiverId: number | null; content: string; isRead: boolean | null; }'. Did you mean 'receiverId'?

57           id: message.receiver.id,
                         ~~~~~~~~

server/services/messagingService.ts:58:25 - error TS2551: Property 'receiver' does not exist on type '{ id: number; createdAt: Date | null; senderId: number | null; receiverId: number | null; content: string; isRead: boolean | null; }'. Did you mean 'receiverId'?

58           name: message.receiver.fullName,
                           ~~~~~~~~

server/services/messagingService.ts:59:26 - error TS2551: Property 'receiver' does not exist on type '{ id: number; createdAt: Date | null; senderId: number | null; receiverId: number | null; content: string; isRead: boolean | null; }'. Did you mean 'receiverId'?

59           image: message.receiver.profileImage,
                            ~~~~~~~~

server/services/messagingService.ts:60:27 - error TS2551: Property 'receiver' does not exist on type '{ id: number; createdAt: Date | null; senderId: number | null; receiverId: number | null; content: string; isRead: boolean | null; }'. Did you mean 'receiverId'?

60           status: message.receiver.status
                             ~~~~~~~~

server/services/messagingService.ts:62:23 - error TS2551: Property 'sender' does not exist on type '{ id: number; createdAt: Date | null; senderId: number | null; receiverId: number | null; content: string; isRead: boolean | null; }'. Did you mean 'senderId'?

62           id: message.sender.id,
                         ~~~~~~

server/services/messagingService.ts:63:25 - error TS2551: Property 'sender' does not exist on type '{ id: number; createdAt: Date | null; senderId: number | null; receiverId: number | null; content: string; isRead: boolean | null; }'. Did you mean 'senderId'?

63           name: message.sender.fullName,
                           ~~~~~~

server/services/messagingService.ts:64:26 - error TS2551: Property 'sender' does not exist on type '{ id: number; createdAt: Date | null; senderId: number | null; receiverId: number | null; content: string; isRead: boolean | null; }'. Did you mean 'senderId'?

64           image: message.sender.profileImage,
                            ~~~~~~

server/services/messagingService.ts:65:27 - error TS2551: Property 'sender' does not exist on type '{ id: number; createdAt: Date | null; senderId: number | null; receiverId: number | null; content: string; isRead: boolean | null; }'. Did you mean 'senderId'?

65           status: message.sender.status
                             ~~~~~~

tests/server/app.test.ts:2:21 - error TS2307: Cannot find module 'supertest' or its corresponding type declarations.

2 import request from 'supertest';
                      ~~~~~~~~~~~

tests/server/auth.test.ts:2:21 - error TS2307: Cannot find module 'supertest' or its corresponding type declarations.

2 import request from 'supertest';
                      ~~~~~~~~~~~

tests/server/auth.test.ts:10:3 - error TS2739: Type 'Application<Record<string, any>>' is missing the following properties from type 'Express': request, response

10   app = expressApp;
     ~~~

tests/server/chat.test.ts:1:21 - error TS2307: Cannot find module 'supertest' or its corresponding type declarations.

1 import request from 'supertest';
                      ~~~~~~~~~~~

tests/server/chat.test.ts:10:5 - error TS2739: Type 'Application<Record<string, any>>' is missing the following properties from type 'Express': request, response

10     app = expressApp;
       ~~~

tests/server/events.test.ts:1:21 - error TS2307: Cannot find module 'supertest' or its corresponding type declarations.

1 import request from 'supertest';
                      ~~~~~~~~~~~

tests/server/events.test.ts:10:5 - error TS2739: Type 'Application<Record<string, any>>' is missing the following properties from type 'Express': request, response

10     app = expressApp;
       ~~~

tests/server/services/messaging.test.ts:9:3 - error TS2739: Type 'Application<Record<string, any>>' is missing the following properties from type 'Express': request, response

9   app = expressApp;
    ~~~

tests/server/services/translation.test.ts:1:21 - error TS2307: Cannot find module 'supertest' or its corresponding type declarations.

1 import request from 'supertest';
                      ~~~~~~~~~~~

tests/server/services/translation.test.ts:2:10 - error TS2300: Duplicate identifier 'createApp'.

2 import { createApp } from '../../../server/app';
           ~~~~~~~~~

tests/server/services/translation.test.ts:3:10 - error TS2300: Duplicate identifier 'Express'.

3 import { Express } from 'express';
           ~~~~~~~

tests/server/services/translation.test.ts:40:10 - error TS2300: Duplicate identifier 'Express'.

40 import { Express } from 'express';
            ~~~~~~~

tests/server/services/translation.test.ts:41:10 - error TS2300: Duplicate identifier 'createApp'.

41 import { createApp } from '../../../server/app';
            ~~~~~~~~~

tests/server/services/translation.test.ts:47:3 - error TS2739: Type 'Application<Record<string, any>>' is missing the following properties from type 'Express': request, response

47   app = expressApp;
     ~~~

tests/server/users.test.ts:1:21 - error TS2307: Cannot find module 'supertest' or its corresponding type declarations.

1 import request from 'supertest';
                      ~~~~~~~~~~~

tests/server/users.test.ts:10:5 - error TS2739: Type 'Application<Record<string, any>>' is missing the following properties from type 'Express': request, response

10     app = expressApp;
       ~~~

tests/utils/test-utils.ts:13:5 - error TS2739: Type 'Application<Record<string, any>>' is missing the following properties from type 'Express': request, response

13     app = result.app;
       ~~~


Found 72 errors.
